<?xml version="1.0" encoding="utf-8"?><testsuites name="pytest tests"><testsuite name="pytest" errors="0" failures="0" skipped="0" tests="11" time="0.166" timestamp="2025-11-05T19:13:27.720298+05:30" hostname="ASCINLAP61628"><testcase classname="5_test_parameterized_basic" name="test_addition_parameterized[1-2-3]" time="0.003" /><testcase classname="5_test_parameterized_basic" name="test_addition_parameterized[0-0-0]" time="0.003" /><testcase classname="5_test_parameterized_basic" name="test_addition_parameterized[-1-1-0]" time="0.002" /><testcase classname="5_test_parameterized_basic" name="test_addition_parameterized[10--5-5]" time="0.001" /><testcase classname="5_test_parameterized_basic" name="test_addition_parameterized[2.5-3.5-6.0]" time="0.002" /><testcase classname="5_test_parameterized_basic" name="test_is_even_parameterized[0-True]" time="0.002" /><testcase classname="5_test_parameterized_basic" name="test_is_even_parameterized[1-False]" time="0.001" /><testcase classname="5_test_parameterized_basic" name="test_is_even_parameterized[2-True]" time="0.002" /><testcase classname="5_test_parameterized_basic" name="test_is_even_parameterized[3-False]" time="0.001" /><testcase classname="5_test_parameterized_basic" name="test_is_even_parameterized[4-True]" time="0.002" /><testcase classname="5_test_parameterized_basic" name="test_is_even_parameterized[-2-True]" time="0.002" /></testsuite></testsuites>